#
# There is insufficient memory for the Java Runtime Environment to continue.
# Native memory allocation (malloc) failed to allocate 1048576 bytes for AllocateHeap
# Possible reasons:
#   The system is out of physical RAM or swap space
#   The process is running with CompressedOops enabled, and the Java Heap may be blocking the growth of the native heap
# Possible solutions:
#   Reduce memory load on the system
#   Increase physical memory or swap space
#   Check if swap backing store is full
#   Decrease Java heap size (-Xmx/-Xms)
#   Decrease number of Java threads
#   Decrease Java thread stack sizes (-Xss)
#   Set larger code cache with -XX:ReservedCodeCacheSize=
# This output file may be truncated or incomplete.
#
#  Out of Memory Error (./src/hotspot/share/memory/allocation.cpp:46), pid=59248, tid=24028
#
# JRE version:  (11.0.10+9) (build )
# Java VM: Dynamic Code Evolution 64-Bit Server VM (11.0.10+9-b1341.41, mixed mode, sharing, tiered, compressed oops, g1 gc, windows-amd64)
# No core dump will be written. Minidumps are not enabled by default on client versions of Windows
#

---------------  S U M M A R Y ------------

Command Line: org.jetbrains.git4idea.nativessh.GitNativeSshAskPassApp Enter passphrase for key '/c/Users/simon/.ssh/id_ed25519': 

Host: AMD Ryzen 9 5900X 12-Core Processor            , 24 cores, 31G,  Windows 10 , 64 bit Build 19041 (10.0.19041.928)
Time: Sat Jun  5 08:54:41 2021 W. Europe Summer Time elapsed time: 0.006993 seconds (0d 0h 0m 0s)

---------------  T H R E A D  ---------------

Current thread (0x000001a2e99ec000):  JavaThread "Unknown thread" [_thread_in_vm, id=24028, stack(0x0000000100600000,0x0000000100700000)]

Stack: [0x0000000100600000,0x0000000100700000]
Native frames: (J=compiled Java code, j=interpreted, Vv=VM code, C=native code)
V  [jvm.dll+0x5f84fa]
V  [jvm.dll+0x77e085]
V  [jvm.dll+0x77f5dd]
V  [jvm.dll+0x77fc93]
V  [jvm.dll+0x2457e8]
V  [jvm.dll+0xb4b54]
V  [jvm.dll+0x2e3da7]
V  [jvm.dll+0x2dce1a]
V  [jvm.dll+0x75c4d7]
V  [jvm.dll+0x75dd6c]
V  [jvm.dll+0x35cdb9]
V  [jvm.dll+0x73fc9e]
V  [jvm.dll+0x3c5663]
V  [jvm.dll+0x3c7a21]
C  [jli.dll+0x5373]
C  [ucrtbase.dll+0x21bb2]
C  [KERNEL32.DLL+0x17034]
C  [ntdll.dll+0x52651]


---------------  P R O C E S S  ---------------

Threads class SMR info:
_java_thread_list=0x000001a2e77f4a00, length=0, elements={
}

Java Threads: ( => current thread )

Other Threads:
  0x000001a2e9a08000 GCTaskThread "GC Thread#0" [stack: 0x0000000100700000,0x0000000100800000] [id=54740]

[error occurred during error reporting (printing all threads), id 0xc0000005, EXCEPTION_ACCESS_VIOLATION (0xc0000005) at pc=0x00007ff8fc419180]

VM state:not at safepoint (not fully initialized)

VM Mutex/Monitor currently owned by a thread:  ([mutex/lock_event])
[0x000001a2e99e92d0] Heap_lock - owner thread: 0x000001a2e99ec000

Heap address: 0x0000000600e00000, size: 8178 MB, Compressed Oops mode: Non-zero based: 0x0000000600e00000
Narrow klass base: 0x0000000000000000, Narrow klass shift: 0

GC Heap History (0 events):
No events

Deoptimization events (0 events):
No events

Classes redefined (0 events):
No events

Internal exceptions (0 events):
No events

Events (1 events):
Event: 0.004 Loaded shared library C:\Users\simon\AppData\Local\JetBrains\Toolbox\apps\PyCharm-P\ch-0\211.7142.13\jbr\bin\zip.dll


Dynamic libraries:
0x00007ff7f8f70000 - 0x00007ff7f8f7a000 	C:\Users\simon\AppData\Local\JetBrains\Toolbox\apps\PyCharm-P\ch-0\211.7142.13\jbr\bin\java.exe
0x00007ff94cb50000 - 0x00007ff94cd45000 	C:\Windows\SYSTEM32\ntdll.dll
0x00007ff94b720000 - 0x00007ff94b7dd000 	C:\Windows\System32\KERNEL32.DLL
0x00007ff94a5c0000 - 0x00007ff94a888000 	C:\Windows\System32\KERNELBASE.dll
0x00007ff94a9d0000 - 0x00007ff94aad0000 	C:\Windows\System32\ucrtbase.dll
0x00007ff935370000 - 0x00007ff935389000 	C:\Users\simon\AppData\Local\JetBrains\Toolbox\apps\PyCharm-P\ch-0\211.7142.13\jbr\bin\jli.dll
0x00007ff933f90000 - 0x00007ff933fa7000 	C:\Users\simon\AppData\Local\JetBrains\Toolbox\apps\PyCharm-P\ch-0\211.7142.13\jbr\bin\VCRUNTIME140.dll
0x00007ff94b380000 - 0x00007ff94b520000 	C:\Windows\System32\USER32.dll
0x00007ff94ab80000 - 0x00007ff94aba2000 	C:\Windows\System32\win32u.dll
0x00007ff94bff0000 - 0x00007ff94c01a000 	C:\Windows\System32\GDI32.dll
0x00007ff9496b0000 - 0x00007ff94994a000 	C:\Windows\WinSxS\amd64_microsoft.windows.common-controls_6595b64144ccf1df_6.0.19041.844_none_ca00b6081b84eb1d\COMCTL32.dll
0x00007ff94a890000 - 0x00007ff94a99b000 	C:\Windows\System32\gdi32full.dll
0x00007ff94c170000 - 0x00007ff94c20e000 	C:\Windows\System32\msvcrt.dll
0x00007ff94a3c0000 - 0x00007ff94a45d000 	C:\Windows\System32\msvcp_win.dll
0x00007ff94ca50000 - 0x00007ff94ca80000 	C:\Windows\System32\IMM32.DLL
0x00007ff9015e0000 - 0x00007ff90167d000 	C:\Users\simon\AppData\Local\JetBrains\Toolbox\apps\PyCharm-P\ch-0\211.7142.13\jbr\bin\msvcp140.dll
0x00007ff8fc130000 - 0x00007ff8fcc7f000 	C:\Users\simon\AppData\Local\JetBrains\Toolbox\apps\PyCharm-P\ch-0\211.7142.13\jbr\bin\server\jvm.dll
0x00007ff94c0c0000 - 0x00007ff94c16c000 	C:\Windows\System32\ADVAPI32.dll
0x00007ff94c020000 - 0x00007ff94c0bb000 	C:\Windows\System32\sechost.dll
0x00007ff94ba10000 - 0x00007ff94bb3b000 	C:\Windows\System32\RPCRT4.dll
0x00007ff94bcd0000 - 0x00007ff94bcd8000 	C:\Windows\System32\PSAPI.DLL
0x00007ff930730000 - 0x00007ff930739000 	C:\Windows\SYSTEM32\WSOCK32.dll
0x00007ff93fec0000 - 0x00007ff93fee7000 	C:\Windows\SYSTEM32\WINMM.dll
0x00007ff9422a0000 - 0x00007ff9422aa000 	C:\Windows\SYSTEM32\VERSION.dll
0x00007ff94c570000 - 0x00007ff94c5db000 	C:\Windows\System32\WS2_32.dll
0x00007ff948530000 - 0x00007ff948542000 	C:\Windows\SYSTEM32\kernel.appcore.dll
0x00007ff9433e0000 - 0x00007ff9433f1000 	C:\Users\simon\AppData\Local\JetBrains\Toolbox\apps\PyCharm-P\ch-0\211.7142.13\jbr\bin\verify.dll
0x00007ff949cc0000 - 0x00007ff949ea4000 	C:\Windows\SYSTEM32\DBGHELP.DLL
0x00007ff949a70000 - 0x00007ff949a9c000 	C:\Windows\SYSTEM32\dbgcore.DLL
0x00007ff94a2e0000 - 0x00007ff94a360000 	C:\Windows\System32\bcryptPrimitives.dll
0x00007ff9433b0000 - 0x00007ff9433d9000 	C:\Users\simon\AppData\Local\JetBrains\Toolbox\apps\PyCharm-P\ch-0\211.7142.13\jbr\bin\java.dll
0x00007ff9459b0000 - 0x00007ff9459bb000 	C:\Users\simon\AppData\Local\JetBrains\Toolbox\apps\PyCharm-P\ch-0\211.7142.13\jbr\bin\jimage.dll
0x00007ff93f5a0000 - 0x00007ff93f5b8000 	C:\Users\simon\AppData\Local\JetBrains\Toolbox\apps\PyCharm-P\ch-0\211.7142.13\jbr\bin\zip.dll

dbghelp: loaded successfully - version: 4.0.5 - missing functions: none
symbol engine: initialized successfully - sym options: 0x614 - pdb path: .;C:\Users\simon\AppData\Local\JetBrains\Toolbox\apps\PyCharm-P\ch-0\211.7142.13\jbr\bin;C:\Windows\SYSTEM32;C:\Windows\WinSxS\amd64_microsoft.windows.common-controls_6595b64144ccf1df_6.0.19041.844_none_ca00b6081b84eb1d;C:\Users\simon\AppData\Local\JetBrains\Toolbox\apps\PyCharm-P\ch-0\211.7142.13\jbr\bin\server

VM Arguments:
java_command: org.jetbrains.git4idea.nativessh.GitNativeSshAskPassApp Enter passphrase for key '/c/Users/simon/.ssh/id_ed25519': 
java_class_path (initial): C:/Users/simon/AppData/Local/JetBrains/Toolbox/apps/PyCharm-P/ch-0/211.7142.13/plugins/git4idea/lib/git4idea-rt.jar;C:/Users/simon/AppData/Local/JetBrains/Toolbox/apps/PyCharm-P/ch-0/211.7142.13/lib/xmlrpc-2.0.1.jar;C:/Users/simon/AppData/Local/JetBrains/Toolbox/apps/PyCharm-P/ch-0/211.7142.13/lib/commons-codec-1.15.jar
Launcher Type: SUN_STANDARD

[Global flags]
     intx CICompilerCount                          = 12                                        {product} {ergonomic}
     uint ConcGCThreads                            = 5                                         {product} {ergonomic}
     uint G1ConcRefinementThreads                  = 18                                        {product} {ergonomic}
   size_t G1HeapRegionSize                         = 2097152                                   {product} {ergonomic}
    uintx GCDrainStackTargetSize                   = 64                                        {product} {ergonomic}
   size_t InitialHeapSize                          = 536870912                                 {product} {ergonomic}
   size_t MarkStackSize                            = 4194304                                   {product} {ergonomic}
   size_t MaxHeapSize                              = 8575254528                                {product} {ergonomic}
   size_t MinHeapDeltaBytes                        = 2097152                                   {product} {ergonomic}
    uintx NonNMethodCodeHeapSize                   = 7594288                                {pd product} {ergonomic}
    uintx NonProfiledCodeHeapSize                  = 122031976                              {pd product} {ergonomic}
    uintx ProfiledCodeHeapSize                     = 122031976                              {pd product} {ergonomic}
    uintx ReservedCodeCacheSize                    = 251658240                              {pd product} {ergonomic}
     bool SegmentedCodeCache                       = true                                      {product} {ergonomic}
     bool UseCompressedClassPointers               = true                                 {lp64_product} {ergonomic}
     bool UseCompressedOops                        = true                                 {lp64_product} {ergonomic}
     bool UseG1GC                                  = true                                      {product} {ergonomic}
     bool UseLargePagesIndividualAllocation        = false                                  {pd product} {ergonomic}

Logging:
Log output configuration:
 #0: stdout all=warning uptime,level,tags
 #1: stderr all=off uptime,level,tags

Environment Variables:
PATH=C:\Program Files\Git\mingw64\libexec\git-core;C:\Program Files\Git\mingw64\bin;C:\Program Files\Git\usr\bin;C:\Users\simon\bin;C:\Program Files (x86)\Common Files\Oracle\Java\javapath;C:\Windows\system32;C:\Windows;C:\Windows\System32\Wbem;C:\Windows\System32\WindowsPowerShell\v1.0;C:\Windows\System32\OpenSSH;C:\Program Files\Git\cmd;C:\Program Files\nodejs;C:\Program Files\NVIDIA Corporation\NVIDIA NvDLISR;C:\Program Files (x86)\NVIDIA Corporation\PhysX\Common;C:\Program Files (x86)\Microsoft SQL Server\150\DTS\Binn;C:\Program Files\Azure Data Studio\bin;C:\Program Files\Microsoft SQL Server\Client SDK\ODBC\170\Tools\Binn;C:\Program Files (x86)\Microsoft SQL Server\150\Tools\Binn;C:\Program Files\Microsoft SQL Server\150\Tools\Binn;C:\Program Files\Microsoft SQL Server\150\DTS\Binn;C:\Strawberry_Perl\c\bin;C:\Strawberry_Perl\perl\site\bin;C:\Strawberry_Perl\perl\bin;C:\Program Files\MiKTeX\miktex\bin\x64;C:\Program Files\Microsoft SQL Server\130\Tools\Binn;C:\Program Files\PuTTY;C:\Program Files\wkhtmltopdf\bin;C:\Program Files\dotnet;C:\Program Files\PostgreSQL\13\bin;C:\Program Files\Rubberband;C:\Users\simon\AppData\Local\Microsoft\WindowsApps;C:\Users\simon\AppData\Local\Programs\Microsoft VS Code\bin;C:\Users\simon\AppData\Roaming\npm;C:\Program Files\Azure Data Studio\bin;C:\Users\simon\.dotnet\tools
USERNAME=Simon
DISPLAY=:0.0
LC_ALL=en_US.UTF-8
OS=Windows_NT
PROCESSOR_IDENTIFIER=AMD64 Family 25 Model 33 Stepping 0, AuthenticAMD



---------------  S Y S T E M  ---------------

OS: Windows 10 , 64 bit Build 19041 (10.0.19041.928)
OS uptime: 7 days 10:12 hours

CPU:total 24 (initial active 24) (24 cores per cpu, 2 threads per core) family 25 model 33 stepping 0 microcode 0x0, cmov, cx8, fxsr, mmx, sse, sse2, sse3, ssse3, sse4.1, sse4.2, popcnt, avx, avx2, aes, clmul, erms, mmxext, 3dnowpref, lzcnt, sse4a, ht, tsc, tscinvbit, tscinv, bmi1, bmi2,

Memory: 4k page, system-wide physical 32711M (595M free)
TotalPageFile size 131015M (AvailPageFile size 5M)
current process WorkingSet (physical memory assigned to process): 10M, peak: 10M
current process commit charge ("private bytes"): 70M, peak: 71M

vm_info: Dynamic Code Evolution 64-Bit Server VM (11.0.10+9-b1341.41) for windows-amd64 JRE (11.0.10+9-b1341.41), built on Apr 17 2021 07:18:15 by "" with MS VC++ 14.0 (VS2015)

END.
