#
# There is insufficient memory for the Java Runtime Environment to continue.
# Native memory allocation (mmap) failed to map 536870912 bytes for Failed to commit area from 0x0000000600e00000 to 0x0000000620e00000 of length 536870912.
# Possible reasons:
#   The system is out of physical RAM or swap space
#   The process is running with CompressedOops enabled, and the Java Heap may be blocking the growth of the native heap
# Possible solutions:
#   Reduce memory load on the system
#   Increase physical memory or swap space
#   Check if swap backing store is full
#   Decrease Java heap size (-Xmx/-Xms)
#   Decrease number of Java threads
#   Decrease Java thread stack sizes (-Xss)
#   Set larger code cache with -XX:ReservedCodeCacheSize=
# This output file may be truncated or incomplete.
#
#  Out of Memory Error (./src/hotspot/os/windows/os_windows.cpp:3303), pid=50164, tid=36784
#
# JRE version:  (11.0.9.1+11) (build )
# Java VM: OpenJDK 64-Bit Server VM (11.0.9.1+11-b1145.77, mixed mode, sharing, tiered, compressed oops, g1 gc, windows-amd64)
# No core dump will be written. Minidumps are not enabled by default on client versions of Windows
#

---------------  S U M M A R Y ------------

Command Line: org.jetbrains.git4idea.nativessh.GitNativeSshAskPassApp Enter passphrase for key '/c/Users/simon/.ssh/id_ed25519': 

Host: AMD Ryzen 9 5900X 12-Core Processor            , 24 cores, 31G,  Windows 10 , 64 bit Build 19041 (10.0.19041.928)
Time: Fri May  7 01:31:05 2021 W. Europe Summer Time elapsed time: 0.007661 seconds (0d 0h 0m 0s)

---------------  T H R E A D  ---------------

Current thread (0x000001bf8349c000):  JavaThread "Unknown thread" [_thread_in_vm, id=36784, stack(0x0000006828200000,0x0000006828300000)]

Stack: [0x0000006828200000,0x0000006828300000]
Native frames: (J=compiled Java code, j=interpreted, Vv=VM code, C=native code)
V  [jvm.dll+0x5edd9a]
V  [jvm.dll+0x7229c5]
V  [jvm.dll+0x723f1d]
V  [jvm.dll+0x7245d3]
V  [jvm.dll+0x2431b8]
V  [jvm.dll+0x5eb234]
V  [jvm.dll+0x5e0325]
V  [jvm.dll+0x2fe60b]
V  [jvm.dll+0x2fe57a]
V  [jvm.dll+0x2fe452]
V  [jvm.dll+0x303346]
V  [jvm.dll+0x34ba83]
V  [jvm.dll+0x34c186]
V  [jvm.dll+0x34bb83]
V  [jvm.dll+0x2d9218]
V  [jvm.dll+0x2da3c7]
V  [jvm.dll+0x701a67]
V  [jvm.dll+0x70325c]
V  [jvm.dll+0x359049]
V  [jvm.dll+0x6e552e]
V  [jvm.dll+0x3c1353]
V  [jvm.dll+0x3c3571]
C  [jli.dll+0x5373]
C  [ucrtbase.dll+0x21bb2]
C  [KERNEL32.DLL+0x17034]
C  [ntdll.dll+0x52651]


---------------  P R O C E S S  ---------------

Threads class SMR info:
_java_thread_list=0x000001bf81a620e0, length=0, elements={
}

Java Threads: ( => current thread )

Other Threads:
  0x000001bf834b8000 GCTaskThread "GC Thread#0" [stack: 0x0000006828300000,0x0000006828400000] [id=3696]
  0x000001bf83539000 ConcurrentGCThread "G1 Main Marker" [stack: 0x0000006828400000,0x0000006828500000] [id=14928]
  0x000001bf8353c000 ConcurrentGCThread "G1 Conc#0" [stack: 0x0000006828500000,0x0000006828600000] [id=21312]

[error occurred during error reporting (printing all threads), id 0xc0000005, EXCEPTION_ACCESS_VIOLATION (0xc0000005) at pc=0x00007ffe59659807]

VM state:not at safepoint (not fully initialized)

VM Mutex/Monitor currently owned by a thread:  ([mutex/lock_event])
[0x000001bf83498820] Heap_lock - owner thread: 0x000001bf8349c000

Heap address: 0x0000000600e00000, size: 8178 MB, Compressed Oops mode: Non-zero based: 0x0000000600e00000
Narrow klass base: 0x0000000000000000, Narrow klass shift: 0

GC Heap History (0 events):
No events

Deoptimization events (0 events):
No events

Classes redefined (0 events):
No events

Internal exceptions (0 events):
No events

Events (1 events):
Event: 0.004 Loaded shared library C:\Users\simon\AppData\Local\JetBrains\Toolbox\apps\PyCharm-P\ch-0\203.7148.72\jbr\bin\zip.dll


Dynamic libraries:
0x00007ff6c49a0000 - 0x00007ff6c49aa000 	C:\Users\simon\AppData\Local\JetBrains\Toolbox\apps\PyCharm-P\ch-0\203.7148.72\jbr\bin\java.exe
0x00007fff12bb0000 - 0x00007fff12da5000 	C:\Windows\SYSTEM32\ntdll.dll
0x00007fff10c70000 - 0x00007fff10d2d000 	C:\Windows\System32\KERNEL32.DLL
0x00007fff103c0000 - 0x00007fff10688000 	C:\Windows\System32\KERNELBASE.dll
0x00007fff10920000 - 0x00007fff10a20000 	C:\Windows\System32\ucrtbase.dll
0x00007ffef8d90000 - 0x00007ffef8da9000 	C:\Users\simon\AppData\Local\JetBrains\Toolbox\apps\PyCharm-P\ch-0\203.7148.72\jbr\bin\jli.dll
0x00007ffef4fa0000 - 0x00007ffef4fb7000 	C:\Users\simon\AppData\Local\JetBrains\Toolbox\apps\PyCharm-P\ch-0\203.7148.72\jbr\bin\VCRUNTIME140.dll
0x00007fff120d0000 - 0x00007fff12270000 	C:\Windows\System32\USER32.dll
0x00007ffefc770000 - 0x00007ffefca0a000 	C:\Windows\WinSxS\amd64_microsoft.windows.common-controls_6595b64144ccf1df_6.0.19041.844_none_ca00b6081b84eb1d\COMCTL32.dll
0x00007fff10be0000 - 0x00007fff10c02000 	C:\Windows\System32\win32u.dll
0x00007fff11fb0000 - 0x00007fff1204e000 	C:\Windows\System32\msvcrt.dll
0x00007fff11c60000 - 0x00007fff11c8a000 	C:\Windows\System32\GDI32.dll
0x00007fff10a70000 - 0x00007fff10b7b000 	C:\Windows\System32\gdi32full.dll
0x00007fff102f0000 - 0x00007fff1038d000 	C:\Windows\System32\msvcp_win.dll
0x00007fff12980000 - 0x00007fff129b0000 	C:\Windows\System32\IMM32.DLL
0x00007ffec7f50000 - 0x00007ffec7fed000 	C:\Users\simon\AppData\Local\JetBrains\Toolbox\apps\PyCharm-P\ch-0\203.7148.72\jbr\bin\msvcp140.dll
0x00007ffe59370000 - 0x00007ffe59e3e000 	C:\Users\simon\AppData\Local\JetBrains\Toolbox\apps\PyCharm-P\ch-0\203.7148.72\jbr\bin\server\jvm.dll
0x00007fff11b50000 - 0x00007fff11bfc000 	C:\Windows\System32\ADVAPI32.dll
0x00007fff12460000 - 0x00007fff124fb000 	C:\Windows\System32\sechost.dll
0x00007fff12330000 - 0x00007fff1245b000 	C:\Windows\System32\RPCRT4.dll
0x00007fff12970000 - 0x00007fff12978000 	C:\Windows\System32\PSAPI.DLL
0x00007ffef5ad0000 - 0x00007ffef5ad9000 	C:\Windows\SYSTEM32\WSOCK32.dll
0x00007fff09e60000 - 0x00007fff09e6a000 	C:\Windows\SYSTEM32\VERSION.dll
0x00007ffeff1f0000 - 0x00007ffeff217000 	C:\Windows\SYSTEM32\WINMM.dll
0x00007fff11ad0000 - 0x00007fff11b3b000 	C:\Windows\System32\WS2_32.dll
0x00007fff0e250000 - 0x00007fff0e262000 	C:\Windows\SYSTEM32\kernel.appcore.dll
0x00007ffed2020000 - 0x00007ffed2031000 	C:\Users\simon\AppData\Local\JetBrains\Toolbox\apps\PyCharm-P\ch-0\203.7148.72\jbr\bin\verify.dll
0x00007ffef9db0000 - 0x00007ffef9f94000 	C:\Windows\SYSTEM32\DBGHELP.DLL
0x00007ffef5b80000 - 0x00007ffef5bac000 	C:\Windows\SYSTEM32\dbgcore.DLL
0x00007fff10690000 - 0x00007fff10710000 	C:\Windows\System32\bcryptPrimitives.dll
0x00007ffecfca0000 - 0x00007ffecfcc9000 	C:\Users\simon\AppData\Local\JetBrains\Toolbox\apps\PyCharm-P\ch-0\203.7148.72\jbr\bin\java.dll
0x00007fff09500000 - 0x00007fff0950b000 	C:\Users\simon\AppData\Local\JetBrains\Toolbox\apps\PyCharm-P\ch-0\203.7148.72\jbr\bin\jimage.dll
0x00007ffec35e0000 - 0x00007ffec35f8000 	C:\Users\simon\AppData\Local\JetBrains\Toolbox\apps\PyCharm-P\ch-0\203.7148.72\jbr\bin\zip.dll

dbghelp: loaded successfully - version: 4.0.5 - missing functions: none
symbol engine: initialized successfully - sym options: 0x614 - pdb path: .;C:\Users\simon\AppData\Local\JetBrains\Toolbox\apps\PyCharm-P\ch-0\203.7148.72\jbr\bin;C:\Windows\SYSTEM32;C:\Windows\WinSxS\amd64_microsoft.windows.common-controls_6595b64144ccf1df_6.0.19041.844_none_ca00b6081b84eb1d;C:\Users\simon\AppData\Local\JetBrains\Toolbox\apps\PyCharm-P\ch-0\203.7148.72\jbr\bin\server

VM Arguments:
java_command: org.jetbrains.git4idea.nativessh.GitNativeSshAskPassApp Enter passphrase for key '/c/Users/simon/.ssh/id_ed25519': 
java_class_path (initial): C:/Users/simon/AppData/Local/JetBrains/Toolbox/apps/PyCharm-P/ch-0/203.7148.72/plugins/git4idea/lib/git4idea-rt.jar;C:/Users/simon/AppData/Local/JetBrains/Toolbox/apps/PyCharm-P/ch-0/203.7148.72/lib/xmlrpc-2.0.1.jar;C:/Users/simon/AppData/Local/JetBrains/Toolbox/apps/PyCharm-P/ch-0/203.7148.72/lib/commons-codec-1.14.jar
Launcher Type: SUN_STANDARD

[Global flags]
     intx CICompilerCount                          = 12                                        {product} {ergonomic}
     uint ConcGCThreads                            = 5                                         {product} {ergonomic}
     uint G1ConcRefinementThreads                  = 18                                        {product} {ergonomic}
   size_t G1HeapRegionSize                         = 2097152                                   {product} {ergonomic}
    uintx GCDrainStackTargetSize                   = 64                                        {product} {ergonomic}
   size_t InitialHeapSize                          = 536870912                                 {product} {ergonomic}
   size_t MarkStackSize                            = 4194304                                   {product} {ergonomic}
   size_t MaxHeapSize                              = 8575254528                                {product} {ergonomic}
   size_t MinHeapDeltaBytes                        = 2097152                                   {product} {ergonomic}
    uintx NonNMethodCodeHeapSize                   = 7594288                                {pd product} {ergonomic}
    uintx NonProfiledCodeHeapSize                  = 122031976                              {pd product} {ergonomic}
    uintx ProfiledCodeHeapSize                     = 122031976                              {pd product} {ergonomic}
    uintx ReservedCodeCacheSize                    = 251658240                              {pd product} {ergonomic}
     bool SegmentedCodeCache                       = true                                      {product} {ergonomic}
     bool UseCompressedClassPointers               = true                                 {lp64_product} {ergonomic}
     bool UseCompressedOops                        = true                                 {lp64_product} {ergonomic}
     bool UseG1GC                                  = true                                      {product} {ergonomic}
     bool UseLargePagesIndividualAllocation        = false                                  {pd product} {ergonomic}

Logging:
Log output configuration:
 #0: stdout all=warning uptime,level,tags
 #1: stderr all=off uptime,level,tags

Environment Variables:
PATH=C:\Program Files\Git\mingw64\libexec\git-core;C:\Program Files\Git\mingw64\bin;C:\Program Files\Git\usr\bin;C:\Users\simon\bin;C:\Program Files (x86)\Common Files\Oracle\Java\javapath;C:\Windows\system32;C:\Windows;C:\Windows\System32\Wbem;C:\Windows\System32\WindowsPowerShell\v1.0;C:\Windows\System32\OpenSSH;C:\Program Files\Git\cmd;C:\Program Files\nodejs;C:\Program Files\NVIDIA Corporation\NVIDIA NvDLISR;C:\Program Files (x86)\NVIDIA Corporation\PhysX\Common;C:\Program Files (x86)\Microsoft SQL Server\150\DTS\Binn;C:\Program Files\Azure Data Studio\bin;C:\Program Files\Microsoft SQL Server\Client SDK\ODBC\170\Tools\Binn;C:\Program Files (x86)\Microsoft SQL Server\150\Tools\Binn;C:\Program Files\Microsoft SQL Server\150\Tools\Binn;C:\Program Files\Microsoft SQL Server\150\DTS\Binn;C:\Strawberry_Perl\c\bin;C:\Strawberry_Perl\perl\site\bin;C:\Strawberry_Perl\perl\bin;C:\Program Files\MiKTeX\miktex\bin\x64;C:\Program Files\Microsoft SQL Server\130\Tools\Binn;C:\Program Files\PuTTY;C:\Program Files\wkhtmltopdf\bin;C:\Program Files\dotnet;C:\Program Files\PostgreSQL\13\bin;C:\Program Files\Rubberband;C:\Users\simon\AppData\Local\Microsoft\WindowsApps;C:\Users\simon\AppData\Local\Programs\Microsoft VS Code\bin;C:\Users\simon\AppData\Roaming\npm;C:\Program Files\Azure Data Studio\bin;C:\Users\simon\.dotnet\tools
USERNAME=Simon
DISPLAY=:0.0
LC_ALL=en_US.UTF-8
OS=Windows_NT
PROCESSOR_IDENTIFIER=AMD64 Family 25 Model 33 Stepping 0, AuthenticAMD



---------------  S Y S T E M  ---------------

OS: Windows 10 , 64 bit Build 19041 (10.0.19041.928)
OS uptime: 8 days 17:25 hours

CPU:total 24 (initial active 24) (24 cores per cpu, 2 threads per core) family 25 model 33 stepping 0, cmov, cx8, fxsr, mmx, sse, sse2, sse3, ssse3, sse4.1, sse4.2, popcnt, avx, avx2, aes, clmul, erms, mmxext, 3dnowpref, lzcnt, sse4a, ht, tsc, tscinvbit, tscinv, bmi1, bmi2, adx, sha, fma

Memory: 4k page, system-wide physical 32711M (17335M free)
TotalPageFile size 131015M (AvailPageFile size 148M)
current process WorkingSet (physical memory assigned to process): 10M, peak: 10M
current process commit charge ("private bytes"): 82M, peak: 594M

vm_info: OpenJDK 64-Bit Server VM (11.0.9.1+11-b1145.77) for windows-amd64 JRE (11.0.9.1+11-b1145.77), built on Jan 16 2021 05:14:13 by "" with MS VC++ 14.0 (VS2015)

END.
